<?xml version="1.0" encoding="UTF-8"?>
<!-- Generated by org.testng.reporters.JUnitReportReporter -->
<testsuite hostname="468c8f3c54da" failures="0" tests="20" name="tests.Amine.tests.FlightReservationTest" time="35.132" errors="0" timestamp="2024-11-05T19:56:02 UTC" skipped="0">
  <testcase classname="tests.Amine.tests.FlightReservationTest" name="flightSearchTest" time="1.083"/>
  <testcase classname="tests.Amine.tests.FlightReservationTest" name="registrationConfirmationTest" time="2.253"/>
  <testcase classname="tests.Amine.tests.FlightReservationTest" name="flightSelectionTest" time="1.841"/>
  <testcase classname="tests.Amine.tests.FlightReservationTest" name="registrationConfirmationTest" time="0.671"/>
  <testcase classname="tests.Amine.tests.FlightReservationTest" name="flightSearchTest" time="2.137"/>
  <testcase classname="tests.Amine.tests.FlightReservationTest" name="flightSearchTest" time="2.660"/>
  <testcase classname="tests.Amine.tests.FlightReservationTest" name="flightSelectionTest" time="1.840"/>
  <testcase classname="tests.Amine.tests.FlightReservationTest" name="registrationConfirmationTest" time="0.669"/>
  <testcase classname="tests.Amine.tests.FlightReservationTest" name="flightSelectionTest" time="0.783"/>
  <testcase classname="tests.Amine.tests.FlightReservationTest" name="userRegistrationTest" time="1.881"/>
  <testcase classname="tests.Amine.tests.FlightReservationTest" name="flightSelectionTest" time="0.775"/>
  <testcase classname="tests.Amine.tests.FlightReservationTest" name="registrationConfirmationTest" time="1.748"/>
  <testcase classname="tests.Amine.tests.FlightReservationTest" name="userRegistrationTest" time="2.691"/>
  <testcase classname="tests.Amine.tests.FlightReservationTest" name="reservationTest" time="1.273"/>
  <testcase classname="tests.Amine.tests.FlightReservationTest" name="flightSearchTest" time="2.705"/>
  <testcase classname="tests.Amine.tests.FlightReservationTest" name="reservationTest" time="2.310"/>
  <testcase classname="tests.Amine.tests.FlightReservationTest" name="reservationTest" time="1.772"/>
  <testcase classname="tests.Amine.tests.FlightReservationTest" name="userRegistrationTest" time="2.401"/>
  <testcase classname="tests.Amine.tests.FlightReservationTest" name="userRegistrationTest" time="1.896"/>
  <testcase classname="tests.Amine.tests.FlightReservationTest" name="reservationTest" time="1.743"/>
</testsuite> <!-- tests.Amine.tests.FlightReservationTest -->
